{"D:\\WorkSpace\\components-design\\src\\util.ts": {"path":"D:\\WorkSpace\\components-design\\src\\util.ts","statementMap":{"0":{"start":{"line":1,"column":0},"end":{"line":1,"column":68}},"1":{"start":{"line":4,"column":53},"end":{"line":4,"column":73}},"2":{"start":{"line":5,"column":2},"end":{"line":8,"column":null}},"3":{"start":{"line":6,"column":4},"end":{"line":6,"column":48}},"4":{"start":{"line":7,"column":4},"end":{"line":7,"column":11}},"5":{"start":{"line":9,"column":2},"end":{"line":9,"column":70}},"6":{"start":{"line":3,"column":0},"end":{"line":3,"column":16}}},"fnMap":{"0":{"name":"useGlobalConfig","decl":{"start":{"line":3,"column":16},"end":{"line":3,"column":31}},"loc":{"start":{"line":3,"column":31},"end":{"line":10,"column":1}}}},"branchMap":{"0":{"loc":{"start":{"line":5,"column":2},"end":{"line":8,"column":null}},"type":"if","locations":[{"start":{"line":5,"column":2},"end":{"line":8,"column":null}}]},"1":{"loc":{"start":{"line":9,"column":9},"end":{"line":9,"column":69}},"type":"binary-expr","locations":[{"start":{"line":9,"column":9},"end":{"line":9,"column":63}},{"start":{"line":9,"column":67},"end":{"line":9,"column":69}}]}},"s":{"0":1,"1":4,"2":4,"3":0,"4":0,"5":4,"6":1},"f":{"0":4},"b":{"0":[0],"1":[4,3]}}
,"D:\\WorkSpace\\components-design\\src\\components\\button\\Button.vue": {"path":"D:\\WorkSpace\\components-design\\src\\components\\button\\Button.vue","statementMap":{"0":{"start":{"line":14,"column":0},"end":{"line":14,"column":15}},"1":{"start":{"line":20,"column":0},"end":{"line":20,"column":null}},"2":{"start":{"line":21,"column":0},"end":{"line":21,"column":null}},"3":{"start":{"line":14,"column":20},"end":{"line":14,"column":null}},"4":{"start":{"line":32,"column":21},"end":{"line":32,"column":null}},"5":{"start":{"line":33,"column":19},"end":{"line":33,"column":28}},"6":{"start":{"line":34,"column":2},"end":{"line":34,"column":9}},"7":{"start":{"line":35,"column":2},"end":{"line":35,"column":9}}},"fnMap":{"0":{"name":"(anonymous_3)","decl":{"start":{"line":33,"column":28},"end":{"line":33,"column":null}},"loc":{"start":{"line":33,"column":28},"end":{"line":36,"column":null}}}},"branchMap":{"0":{"loc":{"start":{"line":35,"column":9},"end":{"line":35,"column":null}},"type":"binary-expr","locations":[{"start":{"line":35,"column":9},"end":{"line":35,"column":23}},{"start":{"line":35,"column":23},"end":{"line":35,"column":null}}]}},"s":{"0":1,"1":1,"2":1,"3":1,"4":4,"5":4,"6":4,"7":4},"f":{"0":4},"b":{"0":[4,3]}}
}
